Build started 2015-07-09 21:03:22.
     1>Project "c:\Users\zuzanna sawala\documents\visual studio 2013\Projects\czołgi\czołgi\czołgi.vcxproj" on node 2 (Build target(s)).
     1>ClCompile:
         C:\Program Files (x86)\Microsoft Visual Studio 12.0\VC\bin\CL.exe /c /Zi /nologo /W3 /WX- /sdl /O2 /Oi /Oy- /GL /D WIN32 /D NDEBUG /D _CONSOLE /D _LIB /D _UNICODE /D UNICODE /Gm- /EHsc /MD /GS /Gy /fp:precise /Zc:wchar_t /Zc:forScope /Fo"Release\\" /Fd"Release\vc120.pdb" /Gd /TP /analyze- /errorReport:prompt main_file.cpp
         main_file.cpp
     1>main_file.cpp(8): error C4430: missing type specifier - int assumed. Note: C++ does not support default-int
     1>main_file.cpp(8): error C2365: 'glClearColor' : redefinition; previous definition was 'function'
                 c:\users\zuzanna sawala\documents\visual studio 2013\projects\czołgi\czołgi\GL/glew.h(857) : see declaration of 'glClearColor'
     1>main_file.cpp(8): error C2078: too many initializers
     1>main_file.cpp(9): error C4430: missing type specifier - int assumed. Note: C++ does not support default-int
     1>main_file.cpp(9): error C2365: 'glClear' : redefinition; previous definition was 'function'
                 c:\users\zuzanna sawala\documents\visual studio 2013\projects\czołgi\czołgi\GL/glew.h(855) : see declaration of 'glClear'
     1>main_file.cpp(10): error C4430: missing type specifier - int assumed. Note: C++ does not support default-int
     1>main_file.cpp(10): error C2556: 'int glutSwapBuffers(void)' : overloaded function differs only by return type from 'void glutSwapBuffers(void)'
                 c:\users\zuzanna sawala\documents\visual studio 2013\projects\czołgi\czołgi\gl\freeglut_std.h(438) : see declaration of 'glutSwapBuffers'
     1>main_file.cpp(10): error C2373: 'glutSwapBuffers' : redefinition; different type modifiers
                 c:\users\zuzanna sawala\documents\visual studio 2013\projects\czołgi\czołgi\gl\freeglut_std.h(438) : see declaration of 'glutSwapBuffers'
     1>main_file.cpp(11): error C2059: syntax error : '}'
     1>main_file.cpp(11): error C2143: syntax error : missing ';' before '}'
     1>main_file.cpp(13): error C4430: missing type specifier - int assumed. Note: C++ does not support default-int
     1>main_file.cpp(13): error C2365: 'glutInitDisplayMode' : redefinition; previous definition was 'function'
                 c:\users\zuzanna sawala\documents\visual studio 2013\projects\czołgi\czołgi\gl\freeglut_std.h(406) : see declaration of 'glutInitDisplayMode'
     1>main_file.cpp(14): error C4430: missing type specifier - int assumed. Note: C++ does not support default-int
     1>main_file.cpp(14): error C2365: 'glutInitWindowPosition' : redefinition; previous definition was 'function'
                 c:\users\zuzanna sawala\documents\visual studio 2013\projects\czołgi\czołgi\gl\freeglut_std.h(404) : see declaration of 'glutInitWindowPosition'
     1>main_file.cpp(14): error C2078: too many initializers
     1>main_file.cpp(15): error C4430: missing type specifier - int assumed. Note: C++ does not support default-int
     1>main_file.cpp(15): error C2365: 'glutInitWindowSize' : redefinition; previous definition was 'function'
                 c:\users\zuzanna sawala\documents\visual studio 2013\projects\czołgi\czołgi\gl\freeglut_std.h(405) : see declaration of 'glutInitWindowSize'
     1>main_file.cpp(15): error C2078: too many initializers
     1>main_file.cpp(16): error C4430: missing type specifier - int assumed. Note: C++ does not support default-int
     1>main_file.cpp(16): error C2365: 'glutCreateWindow_ATEXIT_HACK' : redefinition; previous definition was 'function'
                 c:\users\zuzanna sawala\documents\visual studio 2013\projects\czołgi\czołgi\gl\freeglut_std.h(629) : see declaration of 'glutCreateWindow_ATEXIT_HACK'
     1>main_file.cpp(16): error C2440: 'initializing' : cannot convert from 'const char [15]' to 'int'
                 There is no context in which this conversion is possible
     1>main_file.cpp(17): error C2065: 'displayFrame' : undeclared identifier
     1>main_file.cpp(17): error C4430: missing type specifier - int assumed. Note: C++ does not support default-int
     1>main_file.cpp(17): error C2365: 'glutDisplayFunc' : redefinition; previous definition was 'function'
                 c:\users\zuzanna sawala\documents\visual studio 2013\projects\czołgi\czołgi\gl\freeglut_std.h(485) : see declaration of 'glutDisplayFunc'
     1>main_file.cpp(18): error C2059: syntax error : '}'
     1>main_file.cpp(18): error C2143: syntax error : missing ';' before '}'
     1>main_file.cpp(20): error C2059: syntax error : 'if'
     1>main_file.cpp(20): error C2143: syntax error : missing ';' before '{'
     1>main_file.cpp(20): error C2447: '{' : missing function header (old-style formal list?)
     1>main_file.cpp(25): error C4430: missing type specifier - int assumed. Note: C++ does not support default-int
     1>main_file.cpp(25): error C2365: 'fprintf' : redefinition; previous definition was 'function'
                 C:\Program Files (x86)\Microsoft Visual Studio 12.0\VC\include\stdio.h(215) : see declaration of 'fprintf'
     1>main_file.cpp(25): error C2078: too many initializers
     1>main_file.cpp(25): error C2440: 'initializing' : cannot convert from 'const GLubyte *' to 'int'
                 There is no context in which this conversion is possible
     1>main_file.cpp(26): error C2059: syntax error : '}'
     1>main_file.cpp(26): error C2143: syntax error : missing ';' before '}'
     1>main_file.cpp(27): error C2143: syntax error : missing ';' before '{'
     1>main_file.cpp(27): error C2447: '{' : missing function header (old-style formal list?)
     1>Done Building Project "c:\Users\zuzanna sawala\documents\visual studio 2013\Projects\czołgi\czołgi\czołgi.vcxproj" (Build target(s)) -- FAILED.

Build FAILED.

Time Elapsed 00:00:03.01
